\BOOKMARK [1][-]{section.0.1}{\376\377\000D\000a\000t\000a\000S\000t\000r\000u\000c\000t}{}% 1
\BOOKMARK [2][-]{subsection.0.1.1}{\376\377\000C\000h\000t\000h\000o\000l\000l\000y\000.\000c\000p\000p}{section.0.1}% 2
\BOOKMARK [2][-]{subsection.0.1.2}{\376\377\000D\000S\000U\000.\000c\000p\000p}{section.0.1}% 3
\BOOKMARK [2][-]{subsection.0.1.3}{\376\377\000L\000a\000z\000y\000S\000e\000g\000m\000e\000n\000t\000T\000r\000e\000e\000.\000c\000p\000p}{section.0.1}% 4
\BOOKMARK [2][-]{subsection.0.1.4}{\376\377\000M\000o\000.\000c\000p\000p}{section.0.1}% 5
\BOOKMARK [2][-]{subsection.0.1.5}{\376\377\000N\000e\000a\000r\000e\000s\000t\000P\000o\000i\000n\000t\000P\000a\000i\000r\000.\000c\000p\000p}{section.0.1}% 6
\BOOKMARK [2][-]{subsection.0.1.6}{\376\377\000P\000o\000i\000n\000t\000D\000i\000v\000i\000d\000e\000A\000n\000d\000C\000o\000n\000q\000u\000e\000r\0001\000.\000c\000p\000p}{section.0.1}% 7
\BOOKMARK [2][-]{subsection.0.1.7}{\376\377\000P\000o\000i\000n\000t\000D\000i\000v\000i\000d\000e\000A\000n\000d\000C\000o\000n\000q\000u\000e\000r\0002\000.\000c\000p\000p}{section.0.1}% 8
\BOOKMARK [2][-]{subsection.0.1.8}{\376\377\000S\000e\000g\000t\000r\000e\000e\000.\000c\000p\000p}{section.0.1}% 9
\BOOKMARK [2][-]{subsection.0.1.9}{\376\377\000S\000e\000g\000t\000r\000e\000e\000N\000o\000n\000e\000R\000e\000c\000u\000r\000s\000i\000v\000e\000.\000c\000p\000p}{section.0.1}% 10
\BOOKMARK [2][-]{subsection.0.1.10}{\376\377\000S\000p\000a\000r\000s\000e\000T\000a\000b\000l\000e\000.\000c\000p\000p}{section.0.1}% 11
\BOOKMARK [2][-]{subsection.0.1.11}{\376\377\000T\000h\000e\000K\000t\000h\000F\000a\000r\000P\000o\000i\000n\000t\000P\000a\000i\000r\000.\000c\000p\000p}{section.0.1}% 12
\BOOKMARK [2][-]{subsection.0.1.12}{\376\377\000T\000r\000i\000e\0000\0001\000.\000c\000p\000p}{section.0.1}% 13
\BOOKMARK [2][-]{subsection.0.1.13}{\376\377\000d\000s\000u\000\137\000o\000n\000\137\000t\000r\000e\000e\000.\000c\000p\000p}{section.0.1}% 14
\BOOKMARK [2][-]{subsection.0.1.14}{\376\377\000f\000e\000n\000w\000i\000c\000k\000.\000c\000p\000p}{section.0.1}% 15
\BOOKMARK [2][-]{subsection.0.1.15}{\376\377\000f\000h\000q\000-\000T\000r\000e\000a\000p\000\050\123\072\225\364\000\051\000.\000c\000p\000p}{section.0.1}% 16
\BOOKMARK [2][-]{subsection.0.1.16}{\376\377\000f\000h\000q\000-\000T\000r\000e\000a\000p\000.\000c\000p\000p}{section.0.1}% 17
\BOOKMARK [2][-]{subsection.0.1.17}{\376\377\000j\000l\000s\176\277\153\265\150\021\000.\000c\000p\000p}{section.0.1}% 18
\BOOKMARK [2][-]{subsection.0.1.18}{\376\377\000s\000e\000g\000m\000e\000n\000t\000\137\000t\000r\000e\000e\0003\000.\000c\000p\000p}{section.0.1}% 19
\BOOKMARK [2][-]{subsection.0.1.19}{\376\377\116\073\136\055\150\021\000.\000c\000p\000p}{section.0.1}% 20
\BOOKMARK [2][-]{subsection.0.1.20}{\376\377\123\072\225\364\211\206\166\326\000.\000c\000p\000p}{section.0.1}% 21
\BOOKMARK [2][-]{subsection.0.1.21}{\376\377\136\046\147\103\136\166\147\345\226\306\000.\000c\000p\000p}{section.0.1}% 22
\BOOKMARK [2][-]{subsection.0.1.22}{\376\377\146\377\177\152\177\212\000.\000c\000p\000p}{section.0.1}% 23
\BOOKMARK [2][-]{subsection.0.1.23}{\376\377\150\021\122\126\000.\000c\000p\000p}{section.0.1}% 24
\BOOKMARK [2][-]{subsection.0.1.24}{\376\377\173\033\123\141\134\024\150\021\000.\000c\000p\000p}{section.0.1}% 25
\BOOKMARK [2][-]{subsection.0.1.25}{\376\377\217\173\221\315\224\376\122\126\122\006\000.\000c\000p\000p}{section.0.1}% 26
\BOOKMARK [1][-]{section.0.2}{\376\377\000G\000e\000o\000m\000e\000t\000r\000y}{}% 27
\BOOKMARK [2][-]{subsection.0.2.1}{\376\377\000C\000i\000r\000c\000l\000e\000.\000c\000p\000p}{section.0.2}% 28
\BOOKMARK [2][-]{subsection.0.2.2}{\376\377\000H\000a\000l\000f\000P\000l\000a\000n\000e\000.\000c\000p\000p}{section.0.2}% 29
\BOOKMARK [2][-]{subsection.0.2.3}{\376\377\000L\000i\000n\000e\000.\000c\000p\000p}{section.0.2}% 30
\BOOKMARK [2][-]{subsection.0.2.4}{\376\377\000P\000o\000i\000n\000t\000.\000c\000p\000p}{section.0.2}% 31
\BOOKMARK [2][-]{subsection.0.2.5}{\376\377\000P\000o\000l\000y\000g\000o\000n\000A\000n\000d\000C\000o\000n\000v\000e\000x\000.\000c\000p\000p}{section.0.2}% 32
\BOOKMARK [2][-]{subsection.0.2.6}{\376\377\000T\000r\000i\000a\000n\000g\000l\000e\000.\000c\000p\000p}{section.0.2}% 33
\BOOKMARK [2][-]{subsection.0.2.7}{\376\377\000m\000y\000g\000e\000o\000.\000c\000p\000p}{section.0.2}% 34
\BOOKMARK [1][-]{section.0.3}{\376\377\000G\000r\000a\000p\000h}{}% 35
\BOOKMARK [2][-]{subsection.0.3.1}{\376\377\0002\000s\000a\000t\000.\000c\000p\000p}{section.0.3}% 36
\BOOKMARK [2][-]{subsection.0.3.2}{\376\377\000G\000r\000a\000p\000h\000.\000c\000p\000p}{section.0.3}% 37
\BOOKMARK [2][-]{subsection.0.3.3}{\376\377\000M\000a\000x\000A\000s\000s\000i\000g\000n\000m\000e\000n\000t\000.\000c\000p\000p}{section.0.3}% 38
\BOOKMARK [2][-]{subsection.0.3.4}{\376\377\000M\000i\000n\000c\000o\000s\000t\000.\000c\000p\000p}{section.0.3}% 39
\BOOKMARK [2][-]{subsection.0.3.5}{\376\377\000T\000r\000e\000e\000.\000c\000p\000p}{section.0.3}% 40
\BOOKMARK [2][-]{subsection.0.3.6}{\376\377\000d\000i\000j\000k\000s\000t\000r\000a\000.\000c\000p\000p}{section.0.3}% 41
\BOOKMARK [2][-]{subsection.0.3.7}{\376\377\000d\000i\000n\000i\000c\000.\000c\000p\000p}{section.0.3}% 42
\BOOKMARK [2][-]{subsection.0.3.8}{\376\377\000s\000p\000f\000a\000.\000c\000p\000p}{section.0.3}% 43
\BOOKMARK [2][-]{subsection.0.3.9}{\376\377\123\010\162\131\122\051\000.\000c\000p\000p}{section.0.3}% 44
\BOOKMARK [1][-]{section.0.4}{\376\377\000M\000a\000t\000h}{}% 45
\BOOKMARK [2][-]{subsection.0.4.1}{\376\377\000C\000h\000i\000n\000a\000.\000c\000p\000p}{section.0.4}% 46
\BOOKMARK [2][-]{subsection.0.4.2}{\376\377\000E\000u\000l\000e\000r\000.\000c\000p\000p}{section.0.4}% 47
\BOOKMARK [2][-]{subsection.0.4.3}{\376\377\000F\000F\000T\000.\000c\000p\000p}{section.0.4}% 48
\BOOKMARK [2][-]{subsection.0.4.4}{\376\377\000L\000a\000g\000r\000a\000n\000g\000e\000.\000c\000p\000p}{section.0.4}% 49
\BOOKMARK [2][-]{subsection.0.4.5}{\376\377\000L\000u\000c\000a\000s\000.\000c\000p\000p}{section.0.4}% 50
\BOOKMARK [2][-]{subsection.0.4.6}{\376\377\000M\000i\000l\000l\000e\000r\000-\000R\000a\000b\000i\000n\000.\000c\000p\000p}{section.0.4}% 51
\BOOKMARK [2][-]{subsection.0.4.7}{\376\377\000N\000T\000T\000.\000c\000p\000p}{section.0.4}% 52
\BOOKMARK [2][-]{subsection.0.4.8}{\376\377\000b\000a\000s\000i\000c\000.\000c\000p\000p}{section.0.4}% 53
\BOOKMARK [2][-]{subsection.0.4.9}{\376\377\000b\000i\000n\000o\000m\000.\000c\000p\000p}{section.0.4}% 54
\BOOKMARK [2][-]{subsection.0.4.10}{\376\377\000e\000x\000g\000c\000d\000.\000c\000p\000p}{section.0.4}% 55
\BOOKMARK [2][-]{subsection.0.4.11}{\376\377\000x\000o\000r\000\137\000b\000a\000s\000i\000s\000.\000c\000p\000p}{section.0.4}% 56
\BOOKMARK [2][-]{subsection.0.4.12}{\376\377\121\154\137\017\000.\000m\000d}{section.0.4}% 57
\BOOKMARK [2][-]{subsection.0.4.13}{\376\377\123\072\225\364\176\277\140\047\127\372\000.\000c\000p\000p}{section.0.4}% 58
\BOOKMARK [2][-]{subsection.0.4.14}{\376\377\123\326\152\041\000g\000a\000u\000s\000s\000.\000c\000p\000p}{section.0.4}% 59
\BOOKMARK [2][-]{subsection.0.4.15}{\376\377\133\271\145\245\000.\000c\000p\000p}{section.0.4}% 60
\BOOKMARK [2][-]{subsection.0.4.16}{\376\377\137\002\142\026\000g\000a\000u\000s\000s\000.\000c\000p\000p}{section.0.4}% 61
\BOOKMARK [2][-]{subsection.0.4.17}{\376\377\145\220\154\342\220\243\131\121\000.\000c\000p\000p}{section.0.4}% 62
\BOOKMARK [2][-]{subsection.0.4.18}{\376\377\154\102\220\006\121\103\000.\000c\000p\000p}{section.0.4}% 63
\BOOKMARK [2][-]{subsection.0.4.19}{\376\377\155\156\160\271\127\213\000g\000a\000u\000s\000s\000.\000c\000p\000p}{section.0.4}% 64
\BOOKMARK [2][-]{subsection.0.4.20}{\376\377\173\054\116\214\174\173\145\257\162\171\147\227\145\160\000.\000c\000p\000p}{section.0.4}% 65
\BOOKMARK [2][-]{subsection.0.4.21}{\376\377\176\277\140\047\127\372\174\173\000.\000c\000p\000p}{section.0.4}% 66
\BOOKMARK [2][-]{subsection.0.4.22}{\376\377\226\144\154\325\122\006\127\127\000.\000c\000p\000p}{section.0.4}% 67
\BOOKMARK [1][-]{section.0.5}{\376\377\000O\000t\000h\000e\000r\000s}{}% 68
\BOOKMARK [2][-]{subsection.0.5.1}{\376\377\000B\000i\000g\000N\000u\000m\0002\000.\000c\000p\000p}{section.0.5}% 69
\BOOKMARK [2][-]{subsection.0.5.2}{\376\377\000S\000i\000m\000u\000l\000a\000t\000e\000d\000\137\000a\000n\000n\000e\000a\000l\000i\000n\000g\000.\000c\000p\000p}{section.0.5}% 70
\BOOKMARK [2][-]{subsection.0.5.3}{\376\377\000Z\000.\000c\000p\000p}{section.0.5}% 71
\BOOKMARK [2][-]{subsection.0.5.4}{\376\377\000b\000i\000g\000n\000u\000m\000.\000c\000p\000p}{section.0.5}% 72
\BOOKMARK [2][-]{subsection.0.5.5}{\376\377\000g\000e\000n\000.\000p\000y}{section.0.5}% 73
\BOOKMARK [2][-]{subsection.0.5.6}{\376\377\000m\000a\000k\000e\000s\000t\000d\000.\000c\000p\000p}{section.0.5}% 74
\BOOKMARK [2][-]{subsection.0.5.7}{\376\377\000p\000a\000i\000.\000p\000y}{section.0.5}% 75
\BOOKMARK [2][-]{subsection.0.5.8}{\376\377\000s\000g\121\375\145\160\000.\000c\000p\000p}{section.0.5}% 76
\BOOKMARK [2][-]{subsection.0.5.9}{\376\377\123\132\137\010\000.\000c\000p\000p}{section.0.5}% 77
\BOOKMARK [2][-]{subsection.0.5.10}{\376\377\132\001\117\120\131\053\123\132\137\010\000.\000c\000p\000p}{section.0.5}% 78
\BOOKMARK [2][-]{subsection.0.5.11}{\376\377\147\134\145\131\000B\000M\000.\000c\000p\000p}{section.0.5}% 79
\BOOKMARK [2][-]{subsection.0.5.12}{\376\377\153\047\142\311\121\375\145\160\000.\000c\000p\000p}{section.0.5}% 80
\BOOKMARK [1][-]{section.0.6}{\376\377\000S\000t\000r\000i\000n\000g}{}% 81
\BOOKMARK [2][-]{subsection.0.6.1}{\376\377\000A\000h\000o\000C\000o\000r\000a\000s\000i\000c\000k\000.\000c\000p\000p}{section.0.6}% 82
\BOOKMARK [2][-]{subsection.0.6.2}{\376\377\000e\000x\000k\000m\000p\000.\000c\000p\000p}{section.0.6}% 83
\BOOKMARK [2][-]{subsection.0.6.3}{\376\377\000k\000m\000p\000.\000c\000p\000p}{section.0.6}% 84
\BOOKMARK [2][-]{subsection.0.6.4}{\376\377\000m\000a\000n\000a\000c\000h\000e\000r\000.\000c\000p\000p}{section.0.6}% 85
\BOOKMARK [2][-]{subsection.0.6.5}{\376\377\124\016\177\000\145\160\176\304\000.\000c\000p\000p}{section.0.6}% 86
\BOOKMARK [1][-]{section.0.7}{\376\377\000d\000p}{}% 87
\BOOKMARK [2][-]{subsection.0.7.1}{\376\377\145\160\117\115\000d\000p\000.\000c\000p\000p}{section.0.7}% 88
\BOOKMARK [2][-]{subsection.0.7.2}{\376\377\147\000\225\177\116\012\123\107\133\120\136\217\122\027\000.\000c\000p\000p}{section.0.7}% 89
